[LOG] System::create                           : Header version = 1.10.12. Current version = 1.10.09.
[LOG] Manager::init                            : maxchannels = 256 studioflags = 00000006 flags 00000000 extradriverdata 0000000000000000.
[LOG] SystemI::init                            : Initialize version=11009 (97915), maxchannels=256, flags=0x00020000
[LOG] SystemI::setOutputInternal               : Setting output to 'FMOD WASAPI Output'
[LOG] OutputWASAPI::init                       : Mix Format (WAVEFORMATEX): wFormatTag=0xFFFE, nChannels=2, nSamplesPerSec=48000, nAvgBytesPerSec=384000, nBlockAlign=8, wBitsPerSample=32, cbSize=22.
[LOG] OutputWASAPI::init                       : Mix Format (WAVEFORMATEXTENSIBLE): wValidBitsPerSample=32, dwChannelMask=0x00000003, SubFormat=00000003-0000-0010-8000-00AA00389B71.
[LOG] OutputWASAPI::init                       : Output buffer size: 4096 samples, latency: 0.00ms, period: 10.00ms, DSP buffer: 1024 * 4
[LOG] Thread::initThread                       : Init FMOD stream thread. Priority: 2, Stack Size: 65536, Semaphore: No, Sleep Time: 10, Looping: Yes.
[LOG] Thread::initThread                       : Init FMOD mixer thread. Priority: 3, Stack Size: 49152, Semaphore: No, Sleep Time: 0, Looping: Yes.
[LOG] AsyncManager::init                       : manager 000000005B1F65A8 isAsync 0 updatePeriod 0.02
[LOG] AsyncManager::init                       : done
[LOG] PlaybackSystem::init                     : 
[LOG] Thread::initThread                       : Init FMOD Studio sample load thread. Priority: 0, Stack Size: 65536, Semaphore: No, Sleep Time: 1, Looping: No.
[LOG] PlaybackSystem::init                     : done
[LOG] Thread::initThread                       : Init FMOD Studio bank load thread. Priority: 0, Stack Size: 65536, Semaphore: No, Sleep Time: 1, Looping: No.
[LOG] Manager::init                            : done.
[LOG] Manager::readBank                        : fileversion = 101, compatVersion = 99 (oldest = 44, newest = 101)
[LOG] SystemI::createSoundInternal             : Create name='', mode=0x02000202
[LOG] SystemI::createSoundInternal             : exinfo->cbsize             = 232
[LOG] SystemI::createSoundInternal             : exinfo->length             = 5957824
[LOG] SystemI::createSoundInternal             : exinfo->fileoffset         = 36960
[LOG] SystemI::createSoundInternal             : exinfo->numsubsounds       = 1
[LOG] SystemI::createSoundInternal             : exinfo->inclusionlist      = 000000007AD5F5FC
[LOG] SystemI::createSoundInternal             : exinfo->inclusionlistnum   = 1
[LOG] SystemI::createSoundInternal             : exinfo->suggestedsoundtype = 5
[LOG] SystemI::createSoundInternal             : exinfo->useropen           = 00007FFE18E41220
[LOG] SystemI::createSoundInternal             : exinfo->userclose          = 00007FFE18E411F0
[LOG] SystemI::createSoundInternal             : exinfo->userread           = 00007FFE18E412F0
[LOG] SystemI::createSoundInternal             : exinfo->userseek           = 00007FFE18E413B0
[LOG] SystemI::createSoundInternal             : exinfo->fileuserdata       = 0000000075EE82E8
[LOG] SystemI::createSoundInternal             : exinfo->initialseekpostype = 1
[LOG] SystemI::DSPCodecPoolRegister            : register codec pool for pool type 5
[LOG] SystemI::createSoundInternal             : Sample 0/1: name='Pasos3grave', format=2, channels=2, frequency=48000, lengthbytes=8256, lengthpcm=30000, pcmblocksize=0, loopstart=0, loopend=0, mode=0x00000000, channelmask=0x00000000, channelorder=0, peakvolume=0.084636.
[LOG] SystemI::createSoundInternal             : Create name='', mode=0x02000202
[LOG] SystemI::createSoundInternal             : exinfo->cbsize             = 232
[LOG] SystemI::createSoundInternal             : exinfo->length             = 5957824
[LOG] SystemI::createSoundInternal             : exinfo->fileoffset         = 36960
[LOG] SystemI::createSoundInternal             : exinfo->numsubsounds       = 1
[LOG] SystemI::createSoundInternal             : exinfo->inclusionlist      = 000000007AD5F5FC
[LOG] SystemI::createSoundInternal             : exinfo->inclusionlistnum   = 1
[LOG] SystemI::createSoundInternal             : exinfo->suggestedsoundtype = 5
[LOG] SystemI::createSoundInternal             : exinfo->useropen           = 00007FFE18E41220
[LOG] SystemI::createSoundInternal             : exinfo->userclose          = 00007FFE18E411F0
[LOG] SystemI::createSoundInternal             : exinfo->userread           = 00007FFE18E412F0
[LOG] SystemI::createSoundInternal             : exinfo->userseek           = 00007FFE18E413B0
[LOG] SystemI::createSoundInternal             : exinfo->fileuserdata       = 0000000075EE82E8
[LOG] SystemI::createSoundInternal             : exinfo->initialseekpostype = 1
[LOG] SystemI::DSPCodecPoolRegister            : register codec pool for pool type 5
[LOG] SystemI::createSoundInternal             : Sample 0/1: name='Pasos1grave', format=2, channels=2, frequency=48000, lengthbytes=8096, lengthpcm=30000, pcmblocksize=0, loopstart=0, loopend=0, mode=0x00000000, channelmask=0x00000000, channelorder=0, peakvolume=0.077001.
[LOG] SystemI::createSoundInternal             : Create name='', mode=0x02000202
[LOG] SystemI::createSoundInternal             : exinfo->cbsize             = 232
[LOG] SystemI::createSoundInternal             : exinfo->length             = 5957824
[LOG] SystemI::createSoundInternal             : exinfo->fileoffset         = 36960
[LOG] SystemI::createSoundInternal             : exinfo->numsubsounds       = 1
[LOG] SystemI::createSoundInternal             : exinfo->inclusionlist      = 000000007AD5F5FC
[LOG] SystemI::createSoundInternal             : exinfo->inclusionlistnum   = 1
[LOG] SystemI::createSoundInternal             : exinfo->suggestedsoundtype = 5
[LOG] SystemI::createSoundInternal             : exinfo->useropen           = 00007FFE18E41220
[LOG] SystemI::createSoundInternal             : exinfo->userclose          = 00007FFE18E411F0
[LOG] SystemI::createSoundInternal             : exinfo->userread           = 00007FFE18E412F0
[LOG] SystemI::createSoundInternal             : exinfo->userseek           = 00007FFE18E413B0
[LOG] SystemI::createSoundInternal             : exinfo->fileuserdata       = 0000000075EE82E8
[LOG] SystemI::createSoundInternal             : exinfo->initialseekpostype = 1
[LOG] SystemI::DSPCodecPoolRegister            : register codec pool for pool type 5
[LOG] SystemI::createSoundInternal             : Sample 0/1: name='Pasos1agudo', format=2, channels=2, frequency=48000, lengthbytes=6624, lengthpcm=24000, pcmblocksize=0, loopstart=0, loopend=0, mode=0x00000000, channelmask=0x00000000, channelorder=0, peakvolume=0.023519.
[LOG] SystemI::createSoundInternal             : Create name='', mode=0x02000202
[LOG] SystemI::createSoundInternal             : exinfo->cbsize             = 232
[LOG] SystemI::createSoundInternal             : exinfo->length             = 5957824
[LOG] SystemI::createSoundInternal             : exinfo->fileoffset         = 36960
[LOG] SystemI::createSoundInternal             : exinfo->numsubsounds       = 1
[LOG] SystemI::createSoundInternal             : exinfo->inclusionlist      = 000000007AD5F5FC
[LOG] SystemI::createSoundInternal             : exinfo->inclusionlistnum   = 1
[LOG] SystemI::createSoundInternal             : exinfo->suggestedsoundtype = 5
[LOG] SystemI::createSoundInternal             : exinfo->useropen           = 00007FFE18E41220
[LOG] SystemI::createSoundInternal             : exinfo->userclose          = 00007FFE18E411F0
[LOG] SystemI::createSoundInternal             : exinfo->userread           = 00007FFE18E412F0
[LOG] SystemI::createSoundInternal             : exinfo->userseek           = 00007FFE18E413B0
[LOG] SystemI::createSoundInternal             : exinfo->fileuserdata       = 0000000075EE82E8
[LOG] SystemI::createSoundInternal             : exinfo->initialseekpostype = 1
[LOG] SystemI::DSPCodecPoolRegister            : register codec pool for pool type 5
[LOG] SystemI::createSoundInternal             : Sample 0/1: name='Pasos8agudo', format=2, channels=2, frequency=48000, lengthbytes=8416, lengthpcm=30000, pcmblocksize=0, loopstart=0, loopend=0, mode=0x00000000, channelmask=0x00000000, channelorder=0, peakvolume=0.034430.
[LOG] SystemI::createSoundInternal             : Create name='', mode=0x02000202
[LOG] SystemI::createSoundInternal             : exinfo->cbsize             = 232
[LOG] SystemI::createSoundInternal             : exinfo->length             = 5957824
[LOG] SystemI::createSoundInternal             : exinfo->fileoffset         = 36960
[LOG] SystemI::createSoundInternal             : exinfo->numsubsounds       = 1
[LOG] SystemI::createSoundInternal             : exinfo->inclusionlist      = 000000007AD5F5FC
[LOG] SystemI::createSoundInternal             : exinfo->inclusionlistnum   = 1
[LOG] SystemI::createSoundInternal             : exinfo->suggestedsoundtype = 5
[LOG] SystemI::createSoundInternal             : exinfo->useropen           = 00007FFE18E41220
[LOG] SystemI::createSoundInternal             : exinfo->userclose          = 00007FFE18E411F0
[LOG] SystemI::createSoundInternal             : exinfo->userread           = 00007FFE18E412F0
[LOG] SystemI::createSoundInternal             : exinfo->userseek           = 00007FFE18E413B0
[LOG] SystemI::createSoundInternal             : exinfo->fileuserdata       = 0000000075EE82E8
[LOG] SystemI::createSoundInternal             : exinfo->initialseekpostype = 1
[LOG] SystemI::DSPCodecPoolRegister            : register codec pool for pool type 5
[LOG] SystemI::createSoundInternal             : Sample 0/1: name='Pasos6grave', format=2, channels=2, frequency=48000, lengthbytes=7392, lengthpcm=30000, pcmblocksize=0, loopstart=0, loopend=0, mode=0x00000000, channelmask=0x00000000, channelorder=0, peakvolume=0.036021.
[LOG] SystemI::createSoundInternal             : Create name='', mode=0x02000202
[LOG] SystemI::createSoundInternal             : exinfo->cbsize             = 232
[LOG] SystemI::createSoundInternal             : exinfo->length             = 5957824
[LOG] SystemI::createSoundInternal             : exinfo->fileoffset         = 36960
[LOG] SystemI::createSoundInternal             : exinfo->numsubsounds       = 1
[LOG] SystemI::createSoundInternal             : exinfo->inclusionlist      = 000000007AD5F5FC
[LOG] SystemI::createSoundInternal             : exinfo->inclusionlistnum   = 1
[LOG] SystemI::createSoundInternal             : exinfo->suggestedsoundtype = 5
[LOG] SystemI::createSoundInternal             : exinfo->useropen           = 00007FFE18E41220
[LOG] SystemI::createSoundInternal             : exinfo->userclose          = 00007FFE18E411F0
[LOG] SystemI::createSoundInternal             : exinfo->userread           = 00007FFE18E412F0
[LOG] SystemI::createSoundInternal             : exinfo->userseek           = 00007FFE18E413B0
[LOG] SystemI::createSoundInternal             : exinfo->fileuserdata       = 0000000075EE82E8
[LOG] SystemI::createSoundInternal             : exinfo->initialseekpostype = 1
[LOG] SystemI::DSPCodecPoolRegister            : register codec pool for pool type 5
[LOG] SystemI::createSoundInternal             : Sample 0/1: name='Pasos6agudo', format=2, channels=2, frequency=48000, lengthbytes=8576, lengthpcm=30000, pcmblocksize=0, loopstart=0, loopend=0, mode=0x00000000, channelmask=0x00000000, channelorder=0, peakvolume=0.044728.
[LOG] SystemI::createSoundInternal             : Create name='', mode=0x02000202
[LOG] SystemI::createSoundInternal             : exinfo->cbsize             = 232
[LOG] SystemI::createSoundInternal             : exinfo->length             = 5957824
[LOG] SystemI::createSoundInternal             : exinfo->fileoffset         = 36960
[LOG] SystemI::createSoundInternal             : exinfo->numsubsounds       = 1
[LOG] SystemI::createSoundInternal             : exinfo->inclusionlist      = 000000007AD5F5FC
[LOG] SystemI::createSoundInternal             : exinfo->inclusionlistnum   = 1
[LOG] SystemI::createSoundInternal             : exinfo->suggestedsoundtype = 5
[LOG] SystemI::createSoundInternal             : exinfo->useropen           = 00007FFE18E41220
[LOG] SystemI::createSoundInternal             : exinfo->userclose          = 00007FFE18E411F0
[LOG] SystemI::createSoundInternal             : exinfo->userread           = 00007FFE18E412F0
[LOG] SystemI::createSoundInternal             : exinfo->userseek           = 00007FFE18E413B0
[LOG] SystemI::createSoundInternal             : exinfo->fileuserdata       = 0000000075EE82E8
[LOG] SystemI::createSoundInternal             : exinfo->initialseekpostype = 1
[LOG] SystemI::DSPCodecPoolRegister            : register codec pool for pool type 5
[LOG] SystemI::createSoundInternal             : Sample 0/1: name='Pasos8grave', format=2, channels=2, frequency=48000, lengthbytes=8032, lengthpcm=30000, pcmblocksize=0, loopstart=0, loopend=0, mode=0x00000000, channelmask=0x00000000, channelorder=0, peakvolume=0.061095.
[LOG] SystemI::createSoundInternal             : Create name='', mode=0x02000202
[LOG] SystemI::createSoundInternal             : exinfo->cbsize             = 232
[LOG] SystemI::createSoundInternal             : exinfo->length             = 5957824
[LOG] SystemI::createSoundInternal             : exinfo->fileoffset         = 36960
[LOG] SystemI::createSoundInternal             : exinfo->numsubsounds       = 1
[LOG] SystemI::createSoundInternal             : exinfo->inclusionlist      = 000000007AD5F5FC
[LOG] SystemI::createSoundInternal             : exinfo->inclusionlistnum   = 1
[LOG] SystemI::createSoundInternal             : exinfo->suggestedsoundtype = 5
[LOG] SystemI::createSoundInternal             : exinfo->useropen           = 00007FFE18E41220
[LOG] SystemI::createSoundInternal             : exinfo->userclose          = 00007FFE18E411F0
[LOG] SystemI::createSoundInternal             : exinfo->userread           = 00007FFE18E412F0
[LOG] SystemI::createSoundInternal             : exinfo->userseek           = 00007FFE18E413B0
[LOG] SystemI::createSoundInternal             : exinfo->fileuserdata       = 0000000075EE82E8
[LOG] SystemI::createSoundInternal             : exinfo->initialseekpostype = 1
[LOG] SystemI::DSPCodecPoolRegister            : register codec pool for pool type 5
[LOG] SystemI::createSoundInternal             : Sample 0/1: name='Pasos2grave', format=2, channels=2, frequency=48000, lengthbytes=6912, lengthpcm=24000, pcmblocksize=0, loopstart=0, loopend=0, mode=0x00000000, channelmask=0x00000000, channelorder=0, peakvolume=0.034565.
[LOG] SystemI::createSoundInternal             : Create name='', mode=0x02000202
[LOG] SystemI::createSoundInternal             : exinfo->cbsize             = 232
[LOG] SystemI::createSoundInternal             : exinfo->length             = 5957824
[LOG] SystemI::createSoundInternal             : exinfo->fileoffset         = 36960
[LOG] SystemI::createSoundInternal             : exinfo->numsubsounds       = 1
[LOG] SystemI::createSoundInternal             : exinfo->inclusionlist      = 000000007AD5F5FC
[LOG] SystemI::createSoundInternal             : exinfo->inclusionlistnum   = 1
[LOG] SystemI::createSoundInternal             : exinfo->suggestedsoundtype = 5
[LOG] SystemI::createSoundInternal             : exinfo->useropen           = 00007FFE18E41220
[LOG] SystemI::createSoundInternal             : exinfo->userclose          = 00007FFE18E411F0
[LOG] SystemI::createSoundInternal             : exinfo->userread           = 00007FFE18E412F0
[LOG] SystemI::createSoundInternal             : exinfo->userseek           = 00007FFE18E413B0
[LOG] SystemI::createSoundInternal             : exinfo->fileuserdata       = 0000000075EE82E8
[LOG] SystemI::createSoundInternal             : exinfo->initialseekpostype = 1
[LOG] SystemI::DSPCodecPoolRegister            : register codec pool for pool type 5
[LOG] SystemI::createSoundInternal             : Sample 0/1: name='Pasos4agudo', format=2, channels=2, frequency=48000, lengthbytes=7232, lengthpcm=30000, pcmblocksize=0, loopstart=0, loopend=0, mode=0x00000000, channelmask=0x00000000, channelorder=0, peakvolume=0.023891.
[LOG] SystemI::createSoundInternal             : Create name='', mode=0x02000202
[LOG] SystemI::createSoundInternal             : exinfo->cbsize             = 232
[LOG] SystemI::createSoundInternal             : exinfo->length             = 5957824
[LOG] SystemI::createSoundInternal             : exinfo->fileoffset         = 36960
[LOG] SystemI::createSoundInternal             : exinfo->numsubsounds       = 1
[LOG] SystemI::createSoundInternal             : exinfo->inclusionlist      = 000000007AD5F5FC
[LOG] SystemI::createSoundInternal             : exinfo->inclusionlistnum   = 1
[LOG] SystemI::createSoundInternal             : exinfo->suggestedsoundtype = 5
[LOG] SystemI::createSoundInternal             : exinfo->useropen           = 00007FFE18E41220
[LOG] SystemI::createSoundInternal             : exinfo->userclose          = 00007FFE18E411F0
[LOG] SystemI::createSoundInternal             : exinfo->userread           = 00007FFE18E412F0
[LOG] SystemI::createSoundInternal             : exinfo->userseek           = 00007FFE18E413B0
[LOG] SystemI::createSoundInternal             : exinfo->fileuserdata       = 0000000075EE82E8
[LOG] SystemI::createSoundInternal             : exinfo->initialseekpostype = 1
[LOG] SystemI::DSPCodecPoolRegister            : register codec pool for pool type 5
[LOG] SystemI::createSoundInternal             : Sample 0/1: name='Pasos3agudo', format=2, channels=2, frequency=48000, lengthbytes=7968, lengthpcm=30000, pcmblocksize=0, loopstart=0, loopend=0, mode=0x00000000, channelmask=0x00000000, channelorder=0, peakvolume=0.030168.
[LOG] SystemI::createSoundInternal             : Create name='', mode=0x02000202
[LOG] SystemI::createSoundInternal             : exinfo->cbsize             = 232
[LOG] SystemI::createSoundInternal             : exinfo->length             = 5957824
[LOG] SystemI::createSoundInternal             : exinfo->fileoffset         = 36960
[LOG] SystemI::createSoundInternal             : exinfo->numsubsounds       = 1
[LOG] SystemI::createSoundInternal             : exinfo->inclusionlist      = 000000007AD5F5FC
[LOG] SystemI::createSoundInternal             : exinfo->inclusionlistnum   = 1
[LOG] SystemI::createSoundInternal             : exinfo->suggestedsoundtype = 5
[LOG] SystemI::createSoundInternal             : exinfo->useropen           = 00007FFE18E41220
[LOG] SystemI::createSoundInternal             : exinfo->userclose          = 00007FFE18E411F0
[LOG] SystemI::createSoundInternal             : exinfo->userread           = 00007FFE18E412F0
[LOG] SystemI::createSoundInternal             : exinfo->userseek           = 00007FFE18E413B0
[LOG] SystemI::createSoundInternal             : exinfo->fileuserdata       = 0000000075EE82E8
[LOG] SystemI::createSoundInternal             : exinfo->initialseekpostype = 1
[LOG] SystemI::DSPCodecPoolRegister            : register codec pool for pool type 5
[LOG] SystemI::createSoundInternal             : Sample 0/1: name='Pasos4grave', format=2, channels=2, frequency=48000, lengthbytes=8096, lengthpcm=30000, pcmblocksize=0, loopstart=0, loopend=0, mode=0x00000000, channelmask=0x00000000, channelorder=0, peakvolume=0.057693.
[LOG] SystemI::createSoundInternal             : Create name='', mode=0x02000202
[LOG] SystemI::createSoundInternal             : exinfo->cbsize             = 232
[LOG] SystemI::createSoundInternal             : exinfo->length             = 5957824
[LOG] SystemI::createSoundInternal             : exinfo->fileoffset         = 36960
[LOG] SystemI::createSoundInternal             : exinfo->numsubsounds       = 1
[LOG] SystemI::createSoundInternal             : exinfo->inclusionlist      = 000000007AD5F5FC
[LOG] SystemI::createSoundInternal             : exinfo->inclusionlistnum   = 1
[LOG] SystemI::createSoundInternal             : exinfo->suggestedsoundtype = 5
[LOG] SystemI::createSoundInternal             : exinfo->useropen           = 00007FFE18E41220
[LOG] SystemI::createSoundInternal             : exinfo->userclose          = 00007FFE18E411F0
[LOG] SystemI::createSoundInternal             : exinfo->userread           = 00007FFE18E412F0
[LOG] SystemI::createSoundInternal             : exinfo->userseek           = 00007FFE18E413B0
[LOG] SystemI::createSoundInternal             : exinfo->fileuserdata       = 0000000075EE82E8
[LOG] SystemI::createSoundInternal             : exinfo->initialseekpostype = 1
[LOG] SystemI::DSPCodecPoolRegister            : register codec pool for pool type 5
[LOG] SystemI::createSoundInternal             : Sample 0/1: name='Pasos7agudo', format=2, channels=2, frequency=48000, lengthbytes=8288, lengthpcm=30000, pcmblocksize=0, loopstart=0, loopend=0, mode=0x00000000, channelmask=0x00000000, channelorder=0, peakvolume=0.031483.
[LOG] SystemI::createSoundInternal             : Create name='', mode=0x02000202
[LOG] SystemI::createSoundInternal             : exinfo->cbsize             = 232
[LOG] SystemI::createSoundInternal             : exinfo->length             = 5957824
[LOG] SystemI::createSoundInternal             : exinfo->fileoffset         = 36960
[LOG] SystemI::createSoundInternal             : exinfo->numsubsounds       = 1
[LOG] SystemI::createSoundInternal             : exinfo->inclusionlist      = 000000007AD5F5FC
[LOG] SystemI::createSoundInternal             : exinfo->inclusionlistnum   = 1
[LOG] SystemI::createSoundInternal             : exinfo->suggestedsoundtype = 5
[LOG] SystemI::createSoundInternal             : exinfo->useropen           = 00007FFE18E41220
[LOG] SystemI::createSoundInternal             : exinfo->userclose          = 00007FFE18E411F0
[LOG] SystemI::createSoundInternal             : exinfo->userread           = 00007FFE18E412F0
[LOG] SystemI::createSoundInternal             : exinfo->userseek           = 00007FFE18E413B0
[LOG] SystemI::createSoundInternal             : exinfo->fileuserdata       = 0000000075EE82E8
[LOG] SystemI::createSoundInternal             : exinfo->initialseekpostype = 1
[LOG] SystemI::DSPCodecPoolRegister            : register codec pool for pool type 5
[LOG] SystemI::createSoundInternal             : Sample 0/1: name='Pasos2agudo', format=2, channels=2, frequency=48000, lengthbytes=6464, lengthpcm=30000, pcmblocksize=0, loopstart=0, loopend=0, mode=0x00000000, channelmask=0x00000000, channelorder=0, peakvolume=0.025444.
[LOG] SystemI::createSoundInternal             : Create name='', mode=0x02000202
[LOG] SystemI::createSoundInternal             : exinfo->cbsize             = 232
[LOG] SystemI::createSoundInternal             : exinfo->length             = 5957824
[LOG] SystemI::createSoundInternal             : exinfo->fileoffset         = 36960
[LOG] SystemI::createSoundInternal             : exinfo->numsubsounds       = 1
[LOG] SystemI::createSoundInternal             : exinfo->inclusionlist      = 000000007AD5F5FC
[LOG] SystemI::createSoundInternal             : exinfo->inclusionlistnum   = 1
[LOG] SystemI::createSoundInternal             : exinfo->suggestedsoundtype = 5
[LOG] SystemI::createSoundInternal             : exinfo->useropen           = 00007FFE18E41220
[LOG] SystemI::createSoundInternal             : exinfo->userclose          = 00007FFE18E411F0
[LOG] SystemI::createSoundInternal             : exinfo->userread           = 00007FFE18E412F0
[LOG] SystemI::createSoundInternal             : exinfo->userseek           = 00007FFE18E413B0
[LOG] SystemI::createSoundInternal             : exinfo->fileuserdata       = 0000000075EE82E8
[LOG] SystemI::createSoundInternal             : exinfo->initialseekpostype = 1
[LOG] SystemI::DSPCodecPoolRegister            : register codec pool for pool type 5
[LOG] SystemI::createSoundInternal             : Sample 0/1: name='Pasos7grave', format=2, channels=2, frequency=48000, lengthbytes=8512, lengthpcm=30000, pcmblocksize=0, loopstart=0, loopend=0, mode=0x00000000, channelmask=0x00000000, channelorder=0, peakvolume=0.062540.
[LOG] SystemI::createSoundInternal             : Create name='', mode=0x02000202
[LOG] SystemI::createSoundInternal             : exinfo->cbsize             = 232
[LOG] SystemI::createSoundInternal             : exinfo->length             = 5957824
[LOG] SystemI::createSoundInternal             : exinfo->fileoffset         = 36960
[LOG] SystemI::createSoundInternal             : exinfo->numsubsounds       = 1
[LOG] SystemI::createSoundInternal             : exinfo->inclusionlist      = 000000007AD5F5FC
[LOG] SystemI::createSoundInternal             : exinfo->inclusionlistnum   = 1
[LOG] SystemI::createSoundInternal             : exinfo->suggestedsoundtype = 5
[LOG] SystemI::createSoundInternal             : exinfo->useropen           = 00007FFE18E41220
[LOG] SystemI::createSoundInternal             : exinfo->userclose          = 00007FFE18E411F0
[LOG] SystemI::createSoundInternal             : exinfo->userread           = 00007FFE18E412F0
[LOG] SystemI::createSoundInternal             : exinfo->userseek           = 00007FFE18E413B0
[LOG] SystemI::createSoundInternal             : exinfo->fileuserdata       = 0000000075EE82E8
[LOG] SystemI::createSoundInternal             : exinfo->initialseekpostype = 1
[LOG] SystemI::DSPCodecPoolRegister            : register codec pool for pool type 5
[LOG] SystemI::createSoundInternal             : Sample 0/1: name='Pasos5grave', format=2, channels=2, frequency=48000, lengthbytes=8160, lengthpcm=30000, pcmblocksize=0, loopstart=0, loopend=0, mode=0x00000000, channelmask=0x00000000, channelorder=0, peakvolume=0.021098.
[LOG] SystemI::createSoundInternal             : Create name='', mode=0x02000202
[LOG] SystemI::createSoundInternal             : exinfo->cbsize             = 232
[LOG] SystemI::createSoundInternal             : exinfo->length             = 5957824
[LOG] SystemI::createSoundInternal             : exinfo->fileoffset         = 36960
[LOG] SystemI::createSoundInternal             : exinfo->numsubsounds       = 1
[LOG] SystemI::createSoundInternal             : exinfo->inclusionlist      = 000000007AD5F5FC
[LOG] SystemI::createSoundInternal             : exinfo->inclusionlistnum   = 1
[LOG] SystemI::createSoundInternal             : exinfo->suggestedsoundtype = 5
[LOG] SystemI::createSoundInternal             : exinfo->useropen           = 00007FFE18E41220
[LOG] SystemI::createSoundInternal             : exinfo->userclose          = 00007FFE18E411F0
[LOG] SystemI::createSoundInternal             : exinfo->userread           = 00007FFE18E412F0
[LOG] SystemI::createSoundInternal             : exinfo->userseek           = 00007FFE18E413B0
[LOG] SystemI::createSoundInternal             : exinfo->fileuserdata       = 0000000075EE82E8
[LOG] SystemI::createSoundInternal             : exinfo->initialseekpostype = 1
[LOG] SystemI::DSPCodecPoolRegister            : register codec pool for pool type 5
[LOG] SystemI::createSoundInternal             : Sample 0/1: name='Pasos5agudo', format=2, channels=2, frequency=48000, lengthbytes=7040, lengthpcm=24000, pcmblocksize=0, loopstart=0, loopend=0, mode=0x00000000, channelmask=0x00000000, channelorder=0, peakvolume=0.080983.
[LOG] SystemI::createSoundInternal             : Create name='', mode=0x02000202
[LOG] SystemI::createSoundInternal             : exinfo->cbsize             = 232
[LOG] SystemI::createSoundInternal             : exinfo->length             = 5957824
[LOG] SystemI::createSoundInternal             : exinfo->fileoffset         = 36960
[LOG] SystemI::createSoundInternal             : exinfo->numsubsounds       = 1
[LOG] SystemI::createSoundInternal             : exinfo->inclusionlist      = 000000007AD5F5FC
[LOG] SystemI::createSoundInternal             : exinfo->inclusionlistnum   = 1
[LOG] SystemI::createSoundInternal             : exinfo->suggestedsoundtype = 5
[LOG] SystemI::createSoundInternal             : exinfo->useropen           = 00007FFE18E41220
[LOG] SystemI::createSoundInternal             : exinfo->userclose          = 00007FFE18E411F0
[LOG] SystemI::createSoundInternal             : exinfo->userread           = 00007FFE18E412F0
[LOG] SystemI::createSoundInternal             : exinfo->userseek           = 00007FFE18E413B0
[LOG] SystemI::createSoundInternal             : exinfo->fileuserdata       = 0000000075EE7EC8
[LOG] SystemI::createSoundInternal             : exinfo->initialseekpostype = 1
[LOG] SystemI::DSPCodecPoolRegister            : register codec pool for pool type 5
[LOG] SystemI::createSoundInternal             : Sample 0/1: name='Dialogos_cortox5', format=2, channels=2, frequency=48000, lengthbytes=20800, lengthpcm=60000, pcmblocksize=0, loopstart=0, loopend=0, mode=0x00000000, channelmask=0x00000000, channelorder=0, peakvolume=0.337162.
[LOG] Manager::readBank                        : fileversion = 101, compatVersion = 99 (oldest = 44, newest = 101)
[LOG] Manager::readBank                        : fileversion = 101, compatVersion = 99 (oldest = 44, newest = 101)
[LOG] SoundI::release                          : Main_theme (0000000043B7EA58)
[LOG] SoundI::release                          :     Main_theme (0000000042F66268)
[LOG] SoundI::release                          :     Main_theme (0000000043B7E548)
[LOG] SoundI::release                          : Ambientes_Pajaros_def (0000000043B7DCD8)
[LOG] SoundI::release                          :     Ambientes_Pajaros_def (0000000042F66DC8)
[LOG] SoundI::release                          :     Ambientes_Pajaros_def (0000000043B7E398)
[LOG] SoundI::release                          : Viento con latas (0000000043B7E1E8)
[LOG] SoundI::release                          :     Viento con latas (0000000042F66C28)
[LOG] SoundI::release                          :     Viento con latas (0000000043B7E038)
[LOG] SoundI::release                          :  (000000004C2EB138)
[LOG] SoundI::release                          :     Dialogos_cortox5 (0000000042E4CC58)
[LOG] SoundI::release                          :  (00000000475DB4A8)
[LOG] SoundI::release                          :     Pasos1grave (000000005BD07C68)
[LOG] SoundI::release                          :  (000000004CED4DD8)
[LOG] SoundI::release                          :     Pasos2grave (000000005BD082E8)
[LOG] SoundI::release                          :  (00000000475DB8F8)
[LOG] SoundI::release                          :     Pasos3grave (000000005BD07788)
[LOG] SoundI::release                          :  (000000004CED3E08)
[LOG] SoundI::release                          :     Pasos4grave (0000000042E4C5D8)
[LOG] SoundI::release                          :  (000000004CED40E8)
[LOG] SoundI::release                          :     Pasos5grave (0000000042E4CDF8)
[LOG] SoundI::release                          :  (00000000475DC308)
[LOG] SoundI::release                          :     Pasos6grave (000000005BD07E08)
[LOG] SoundI::release                          :  (000000004CED5958)
[LOG] SoundI::release                          :     Pasos7grave (0000000042E4D958)
[LOG] SoundI::release                          :  (000000004CED3C98)
[LOG] SoundI::release                          :     Pasos8grave (000000005BD08148)
[LOG] SoundI::release                          :  (00000000475DBA68)
[LOG] SoundI::release                          :     Pasos1agudo (000000005BD07928)
[LOG] SoundI::release                          :  (000000004CED5228)
[LOG] SoundI::release                          :     Pasos2agudo (0000000042E4D618)
[LOG] SoundI::release                          :  (000000004CED57E8)
[LOG] SoundI::release                          :     Pasos3agudo (0000000042E4DC98)
[LOG] SoundI::release                          :  (000000004CED4F48)
[LOG] SoundI::release                          :     Pasos4agudo (0000000042E4C298)
[LOG] SoundI::release                          :  (000000004CED4538)
[LOG] SoundI::release                          :     Pasos5agudo (0000000042E4D138)
[LOG] SoundI::release                          :  (000000004CED4C68)
[LOG] SoundI::release                          :     Pasos6agudo (000000005BD07FA8)
[LOG] SoundI::release                          :  (000000004CED5398)
[LOG] SoundI::release                          :     Pasos7agudo (0000000042E4DAF8)
[LOG] SoundI::release                          :  (00000000475DC028)
[LOG] SoundI::release                          :     Pasos8agudo (000000005BD07AC8)
[LOG] SoundI::release                          :  (00000000475DB1C8)
[LOG] SoundI::release                          :     Cambio_entre_botones (0000000042F66A88)
[LOG] SoundI::release                          :  (00000000475DAEE8)
[LOG] SoundI::release                          :     Seleccion_de_boton (0000000042F67C68)
[LOG] SoundI::release                          :  (00000000475DB618)
[LOG] SoundI::release                          :     Bolsa cuero def (0000000042F67E08)
[LOG] SoundI::release                          :  (00000000475DAD78)
[LOG] SoundI::release                          :     Agua2 (0000000042F668E8)
[LOG] Thread::callback                         : FMOD Studio update thread finished.
[LOG] Thread::callback                         : FMOD Studio bank load thread finished.
[LOG] Profile::disconnectAll                   : Profiler disconnecting all clients
[LOG] Thread::callback                         : FMOD Studio sample load thread finished.
[LOG] LiveUpdate::release                      : 
[LOG] LiveUpdate::reset                        : Reset connection (reason Disconnected)
[LOG] Thread::callback                         : FMOD stream thread finished.
[LOG] Thread::callback                         : FMOD mixer thread finished.
[LOG] Profile::disconnectAll                   : Profiler disconnecting all clients
[LOG] SystemI::close                           : Closed.
[LOG] Manager::readBank                        : fileversion = 101, compatVersion = 99 (oldest = 44, newest = 101)
[LOG] Manager::readBank                        : fileversion = 101, compatVersion = 99 (oldest = 44, newest = 101)
[LOG] Manager::readBank                        : fileversion = 101, compatVersion = 99 (oldest = 44, newest = 101)
[LOG] Manager::readBank                        : fileversion = 101, compatVersion = 99 (oldest = 44, newest = 101)
[LOG] Manager::readBank                        : fileversion = 101, compatVersion = 99 (oldest = 44, newest = 101)
[LOG] Manager::readBank                        : fileversion = 101, compatVersion = 99 (oldest = 44, newest = 101)
[LOG] PlaybackSystem::acquireMasterBus         : Setting master channel group format to 6
[LOG] Thread::callback                         : FMOD Studio bank load thread finished.
[LOG] Thread::callback                         : FMOD Studio sample load thread finished.
[LOG] LiveUpdate::release                      : 
[LOG] LiveUpdate::reset                        : Reset connection (reason Disconnected)
[LOG] Thread::callback                         : FMOD stream thread finished.
[LOG] Thread::callback                         : FMOD mixer thread finished.
[LOG] Thread::callback                         : FMOD nonblocking thread (0) finished.
[LOG] Thread::callback                         : FMOD file thread finished.
[LOG] SystemI::close                           : Closed.
